ian. 22, 2025 2:14:23 P.M. com.example.demo3.QuoteServer main
INFO: Starting QuoteServer...
ian. 22, 2025 2:14:24 P.M. com.example.demo3.QuoteServer loadQuotes
SEVERE: Error reading quotes file: quotes.txt (The system cannot find the file specified)
ian. 22, 2025 2:14:24 P.M. com.example.demo3.QuoteServer loadCharacterImages
INFO: Loaded character image mappings.
ian. 22, 2025 2:14:24 P.M. com.example.demo3.QuoteServer main
SEVERE: No quotes found. Please check the file.
ian. 22, 2025 2:22:26 P.M. com.example.demo3.QuoteServer main
INFO: Starting QuoteServer...
ian. 22, 2025 2:22:26 P.M. com.example.demo3.QuoteServer loadQuotes
SEVERE: Error reading quotes file: quotes.txt (The system cannot find the file specified)
ian. 22, 2025 2:22:26 P.M. com.example.demo3.QuoteServer loadCharacterImages
INFO: Loaded character image mappings.
ian. 22, 2025 2:22:26 P.M. com.example.demo3.QuoteServer main
SEVERE: No quotes found. Please check the file.
ian. 22, 2025 2:25:13 P.M. com.example.demo3.QuoteServer main
INFO: Starting QuoteServer...
ian. 22, 2025 2:25:13 P.M. com.example.demo3.QuoteServer loadQuotes
INFO: Loaded 68 quotes from file.
ian. 22, 2025 2:25:13 P.M. com.example.demo3.QuoteServer loadCharacterImages
INFO: Loaded character image mappings.
ian. 22, 2025 2:25:13 P.M. com.example.demo3.QuoteServer main
INFO: Server started on port 12345
ian. 22, 2025 2:25:23 P.M. com.example.demo3.QuoteServer broadcastLiveMessage
INFO: Broadcasted live message: Trivia: Did you know Naruto ran over 1000 miles in the series?
ian. 22, 2025 2:25:27 P.M. com.example.demo3.QuoteServer main
INFO: Client connected: /127.0.0.1
ian. 22, 2025 2:25:27 P.M. com.example.demo3.QuoteServer$ClientHandler run
INFO: Handling client: /127.0.0.1
ian. 22, 2025 2:25:33 P.M. com.example.demo3.QuoteServer broadcastLiveMessage
INFO: Broadcasted live message: Breaking news: Anime character wins an award!
ian. 22, 2025 2:25:39 P.M. com.example.demo3.QuoteServer$ClientHandler sendRandomQuote
INFO: Sent quote: Fear is not evil. It tells you what your weakness is. And once you know your weakness, you can become stronger. - Gildarts Clive
ian. 22, 2025 2:25:39 P.M. com.example.demo3.QuoteServer$ClientHandler sendRandomQuote
INFO: Sent image: images/default.jpg
ian. 22, 2025 2:25:39 P.M. com.example.demo3.QuoteServer$ClientHandler sendRandomQuote
INFO: Sent quote: A person grows up when they’re able to overcome hardships. Protection is important, but there are some things a person must learn on their own. - Jiraiya, Naruto
ian. 22, 2025 2:25:39 P.M. com.example.demo3.QuoteServer$ClientHandler sendRandomQuote
INFO: Sent image: images/default.jpg
ian. 22, 2025 2:25:40 P.M. com.example.demo3.QuoteServer$ClientHandler sendRandomQuote
INFO: Sent quote: A lesson without pain is meaningless. That’s because you can’t gain something without sacrificing something else in return. - Edward Elric
ian. 22, 2025 2:25:40 P.M. com.example.demo3.QuoteServer$ClientHandler sendRandomQuote
INFO: Sent image: images/default.jpg
ian. 22, 2025 2:25:40 P.M. com.example.demo3.QuoteServer$ClientHandler sendRandomQuote
INFO: Sent quote: If you don’t take risks, you can’t create a future. - Luffy
ian. 22, 2025 2:25:40 P.M. com.example.demo3.QuoteServer$ClientHandler sendRandomQuote
INFO: Sent image: images/luffy.jpg
ian. 22, 2025 2:25:41 P.M. com.example.demo3.QuoteServer$ClientHandler sendRandomQuote
INFO: Sent quote: A lesson learned without pain is meaningless. - Edward Elric, Fullmetal Alchemist
ian. 22, 2025 2:25:41 P.M. com.example.demo3.QuoteServer$ClientHandler sendRandomQuote
INFO: Sent image: images/default.jpg
ian. 22, 2025 2:25:41 P.M. com.example.demo3.QuoteServer$ClientHandler sendRandomQuote
INFO: Sent quote: Hard work is worthless for those that don’t believe in themselves. - Naruto
ian. 22, 2025 2:25:41 P.M. com.example.demo3.QuoteServer$ClientHandler sendRandomQuote
INFO: Sent image: images/naruto.jpg
ian. 22, 2025 2:25:41 P.M. com.example.demo3.QuoteServer$ClientHandler sendRandomQuote
INFO: Sent quote: A lesson in humility is worth more than a thousand victories. - Saitama, One Punch Man
ian. 22, 2025 2:25:41 P.M. com.example.demo3.QuoteServer$ClientHandler sendRandomQuote
INFO: Sent image: images/default.jpg
ian. 22, 2025 2:25:41 P.M. com.example.demo3.QuoteServer$ClientHandler sendRandomQuote
INFO: Sent quote: A sword is a tool for killing. The art of swordsmanship is learning how to kill. That is the truth. - Rurouni Kenshin
ian. 22, 2025 2:25:41 P.M. com.example.demo3.QuoteServer$ClientHandler sendRandomQuote
INFO: Sent image: images/default.jpg
ian. 22, 2025 2:25:41 P.M. com.example.demo3.QuoteServer$ClientHandler sendRandomQuote
INFO: Sent quote: Fear is not evil. It tells you what your weakness is. And once you know your weakness, you can become stronger. - Gildarts Clive
ian. 22, 2025 2:25:41 P.M. com.example.demo3.QuoteServer$ClientHandler sendRandomQuote
INFO: Sent image: images/default.jpg
ian. 22, 2025 2:25:42 P.M. com.example.demo3.QuoteServer$ClientHandler sendRandomQuote
INFO: Sent quote: The world isn’t perfect. But it’s there for us, trying the best it can; that’s what makes it so damn beautiful. - Roy Mustang
ian. 22, 2025 2:25:42 P.M. com.example.demo3.QuoteServer$ClientHandler sendRandomQuote
INFO: Sent image: images/default.jpg
ian. 22, 2025 2:25:42 P.M. com.example.demo3.QuoteServer$ClientHandler sendRandomQuote
INFO: Sent quote: People’s lives don’t end when they die, it ends when they lose faith. - Itachi Uchiha, Naruto
ian. 22, 2025 2:25:42 P.M. com.example.demo3.QuoteServer$ClientHandler sendRandomQuote
INFO: Sent image: images/default.jpg
ian. 22, 2025 2:25:42 P.M. com.example.demo3.QuoteServer$ClientHandler sendRandomQuote
INFO: Sent quote: The world is cruel. But it’s also very beautiful. - Mikasa
ian. 22, 2025 2:25:42 P.M. com.example.demo3.QuoteServer$ClientHandler sendRandomQuote
INFO: Sent image: images/mikasa.jpg
ian. 22, 2025 2:25:42 P.M. com.example.demo3.QuoteServer$ClientHandler sendRandomQuote
INFO: Sent quote: Hard work is worthless for those that don’t believe in themselves. - Naruto
ian. 22, 2025 2:25:42 P.M. com.example.demo3.QuoteServer$ClientHandler sendRandomQuote
INFO: Sent image: images/naruto.jpg
ian. 22, 2025 2:25:42 P.M. com.example.demo3.QuoteServer$ClientHandler sendRandomQuote
INFO: Sent quote: Fear is not evil. It tells you what your weakness is. And once you know your weakness, you can become stronger. - Gildarts Clive
ian. 22, 2025 2:25:42 P.M. com.example.demo3.QuoteServer$ClientHandler sendRandomQuote
INFO: Sent image: images/default.jpg
ian. 22, 2025 2:25:42 P.M. com.example.demo3.QuoteServer$ClientHandler sendRandomQuote
INFO: Sent quote: If you don’t take risks, you can’t create a future. - Luffy
ian. 22, 2025 2:25:42 P.M. com.example.demo3.QuoteServer$ClientHandler sendRandomQuote
INFO: Sent image: images/luffy.jpg
ian. 22, 2025 2:25:43 P.M. com.example.demo3.QuoteServer$ClientHandler sendRandomQuote
INFO: Sent quote: The world isn’t beautiful. But that’s why it is. - Kino
ian. 22, 2025 2:25:43 P.M. com.example.demo3.QuoteServer$ClientHandler sendRandomQuote
INFO: Sent image: images/default.jpg
ian. 22, 2025 2:25:43 P.M. com.example.demo3.QuoteServer$ClientHandler sendRandomQuote
INFO: Sent quote: Whatever you lose, you’ll find it again. But what you throw away you’ll never get back. - Kenshin Himura
ian. 22, 2025 2:25:43 P.M. com.example.demo3.QuoteServer$ClientHandler sendRandomQuote
INFO: Sent image: images/default.jpg
ian. 22, 2025 2:25:43 P.M. com.example.demo3.QuoteServer$ClientHandler sendRandomQuote
INFO: Sent quote: If you don’t take risks, you can’t create a future. - Luffy
ian. 22, 2025 2:25:43 P.M. com.example.demo3.QuoteServer$ClientHandler sendRandomQuote
INFO: Sent image: images/luffy.jpg
ian. 22, 2025 2:25:43 P.M. com.example.demo3.QuoteServer$ClientHandler sendRandomQuote
INFO: Sent quote: The world isn’t beautiful. But that’s why it is. - Kino, Kino’s Journey
ian. 22, 2025 2:25:43 P.M. com.example.demo3.QuoteServer$ClientHandler sendRandomQuote
INFO: Sent image: images/default.jpg
ian. 22, 2025 2:25:43 P.M. com.example.demo3.QuoteServer$ClientHandler sendRandomQuote
INFO: Sent quote: The world isn’t beautiful. But that’s why it is. - Kino
ian. 22, 2025 2:25:43 P.M. com.example.demo3.QuoteServer$ClientHandler sendRandomQuote
INFO: Sent image: images/default.jpg
ian. 22, 2025 2:25:43 P.M. com.example.demo3.QuoteServer$ClientHandler sendRandomQuote
INFO: Sent quote: Fear is freedom! Subjugation is liberation! Contradiction is truth! These are the truths of this world! - Satsuki Kiryuuin
ian. 22, 2025 2:25:43 P.M. com.example.demo3.QuoteServer$ClientHandler sendRandomQuote
INFO: Sent image: images/default.jpg
ian. 22, 2025 2:25:43 P.M. com.example.demo3.QuoteServer broadcastLiveMessage
INFO: Broadcasted live message: Live update: A new season of Attack on Titan announced!
ian. 22, 2025 2:25:44 P.M. com.example.demo3.QuoteServer$ClientHandler sendRandomQuote
INFO: Sent quote: The world isn’t perfect. But it’s there for us, trying the best it can; that’s what makes it so damn beautiful. - Roy Mustang
ian. 22, 2025 2:25:44 P.M. com.example.demo3.QuoteServer$ClientHandler sendRandomQuote
INFO: Sent image: images/default.jpg
ian. 22, 2025 2:25:44 P.M. com.example.demo3.QuoteServer$ClientHandler sendRandomQuote
INFO: Sent quote: People’s lives don’t end when they die, it ends when they lose faith. - Itachi Uchiha Default
ian. 22, 2025 2:25:44 P.M. com.example.demo3.QuoteServer$ClientHandler sendRandomQuote
INFO: Sent image: images/default.jpg
ian. 22, 2025 2:25:44 P.M. com.example.demo3.QuoteServer$ClientHandler sendRandomQuote
INFO: Sent quote: A person’s strength is not based on their ability to punch someone into orbit; it’s their capacity to protect others. - Saitama, One Punch Man
ian. 22, 2025 2:25:44 P.M. com.example.demo3.QuoteServer$ClientHandler sendRandomQuote
INFO: Sent image: images/default.jpg
ian. 22, 2025 10:30:16 P.M. com.example.demo3.QuoteServer main
INFO: Starting QuoteServer...
ian. 22, 2025 10:30:16 P.M. com.example.demo3.QuoteServer main
INFO: Server started on port 12345
ian. 22, 2025 10:30:49 P.M. com.example.demo3.QuoteServer main
INFO: Client connected: /127.0.0.1
ian. 22, 2025 10:30:49 P.M. com.example.demo3.QuoteServer$ClientHandler run
INFO: Handling client: /127.0.0.1
ian. 22, 2025 10:30:49 P.M. com.example.demo3.QuoteServer$ClientHandler run
INFO: Client disconnected: null
ian. 22, 2025 10:31:49 P.M. com.example.demo3.QuoteServer main
WARNING: No client connected for 5 minutes. Server shutting down...
ian. 22, 2025 10:31:49 P.M. com.example.demo3.QuoteServer main
INFO: Server shut down.
ian. 22, 2025 10:41:59 P.M. com.example.demo3.QuoteServer main
INFO: Starting QuoteServer...
ian. 22, 2025 10:41:59 P.M. com.example.demo3.QuoteServer main
INFO: Server started on port 12345
ian. 22, 2025 10:42:30 P.M. com.example.demo3.QuoteServer main
INFO: Client connected: /127.0.0.1
ian. 22, 2025 10:42:30 P.M. com.example.demo3.QuoteServer$ClientHandler run
INFO: Handling client: /127.0.0.1
ian. 22, 2025 10:42:30 P.M. com.example.demo3.QuoteServer$ClientHandler run
INFO: Client disconnected: null
ian. 22, 2025 10:43:30 P.M. com.example.demo3.QuoteServer main
WARNING: No client connected for 5 minutes. Server shutting down...
ian. 22, 2025 10:43:30 P.M. com.example.demo3.QuoteServer main
INFO: Server shut down.
ian. 23, 2025 4:43:47 A.M. com.example.demo3.QuoteServer main
INFO: Starting QuoteServer...
ian. 23, 2025 4:43:48 A.M. com.example.demo3.QuoteServer main
INFO: Server started on port 12345
ian. 23, 2025 4:44:01 A.M. com.example.demo3.QuoteServer main
INFO: Client connected: /127.0.0.1
ian. 23, 2025 5:02:31 A.M. com.example.demo3.QuoteServer main
INFO: Starting QuoteServer...
ian. 23, 2025 5:02:31 A.M. com.example.demo3.QuoteServer loadQuotes
INFO: Loaded 68 quotes.
ian. 23, 2025 5:02:31 A.M. com.example.demo3.QuoteServer main
INFO: Server started on port 12345
ian. 23, 2025 5:02:39 A.M. com.example.demo3.QuoteServer main
INFO: Client connected: /127.0.0.1
ian. 23, 2025 5:15:22 A.M. com.example.demo3.QuoteServer main
INFO: Starting QuoteServer...
ian. 23, 2025 5:15:22 A.M. com.example.demo3.QuoteServer loadQuotes
INFO: Loaded 68 quotes.
ian. 23, 2025 5:15:22 A.M. com.example.demo3.QuoteServer main
INFO: Server started on port 12345
ian. 23, 2025 5:15:29 A.M. com.example.demo3.QuoteServer main
INFO: Client connected: /127.0.0.1
ian. 23, 2025 5:15:59 A.M. com.example.demo3.QuoteServer$ClientHandler run
WARNING: Error handling client: Connection reset
ian. 23, 2025 5:17:47 A.M. com.example.demo3.QuoteServer main
INFO: Starting QuoteServer...
ian. 23, 2025 5:17:47 A.M. com.example.demo3.QuoteServer loadQuotes
INFO: Loaded 68 quotes.
ian. 23, 2025 5:17:47 A.M. com.example.demo3.QuoteServer main
INFO: Server started on port 12345
ian. 23, 2025 5:17:59 A.M. com.example.demo3.QuoteServer main
INFO: Client connected: /127.0.0.1
ian. 23, 2025 5:14:20 P.M. com.example.demo3.QuoteServer main
INFO: Starting QuoteServer...
ian. 23, 2025 5:14:21 P.M. com.example.demo3.QuoteServer loadQuotes
INFO: Loaded 68 quotes.
ian. 23, 2025 5:14:21 P.M. com.example.demo3.QuoteServer main
INFO: Server started on port 12345
ian. 23, 2025 5:14:37 P.M. com.example.demo3.QuoteServer main
INFO: Client connected: /127.0.0.1
ian. 23, 2025 5:25:06 P.M. com.example.demo3.QuoteServer main
INFO: Starting QuoteServer...
ian. 23, 2025 5:25:06 P.M. com.example.demo3.QuoteServer loadQuotes
INFO: Loaded 68 quotes.
ian. 23, 2025 5:25:06 P.M. com.example.demo3.QuoteServer main
INFO: Server started on port 12345
ian. 23, 2025 5:25:17 P.M. com.example.demo3.QuoteServer main
INFO: Client connected: /127.0.0.1
ian. 23, 2025 6:18:22 P.M. com.example.demo3.QuoteServer main
INFO: Starting QuoteServer...
ian. 23, 2025 6:18:22 P.M. com.example.demo3.QuoteServer loadQuotes
INFO: Loaded 68 quotes.
ian. 23, 2025 6:18:22 P.M. com.example.demo3.QuoteServer main
INFO: Server started on port 12345
ian. 23, 2025 6:18:40 P.M. com.example.demo3.QuoteServer main
INFO: Client connected: /127.0.0.1
ian. 23, 2025 10:50:55 P.M. com.example.demo3.QuoteServer main
INFO: Server started on port 12345
ian. 24, 2025 11:35:50 A.M. com.example.demo3.QuoteServer main
INFO: Server started on port 12345
ian. 24, 2025 11:47:53 A.M. com.example.demo3.QuoteServer main
INFO: Server started on port 12345
ian. 24, 2025 11:50:42 A.M. com.example.demo3.QuoteServer main
INFO: Server started on port 12345
ian. 24, 2025 12:02:28 P.M. com.example.demo3.QuoteServer main
INFO: Server started on port 12345
ian. 24, 2025 4:04:17 P.M. com.example.demo3.QuoteServer main
INFO: Server started on port 12345
ian. 24, 2025 4:07:26 P.M. com.example.demo3.QuoteServer main
INFO: Starting QuoteServer...
ian. 24, 2025 4:07:26 P.M. com.example.demo3.QuoteServer loadQuotes
INFO: Loaded 68 quotes.
ian. 24, 2025 4:07:26 P.M. com.example.demo3.QuoteServer main
INFO: Server started on port 12345
ian. 24, 2025 4:07:32 P.M. com.example.demo3.QuoteServer main
INFO: Client connected: /127.0.0.1
ian. 24, 2025 4:30:08 P.M. com.example.demo3.QuoteServer main
INFO: Starting QuoteServer...
ian. 24, 2025 4:30:09 P.M. com.example.demo3.QuoteServer loadQuotes
INFO: Loaded 68 quotes.
ian. 24, 2025 4:30:09 P.M. com.example.demo3.QuoteServer main
INFO: Server started on port 12345
ian. 24, 2025 9:01:51 P.M. com.example.demo3.QuoteServer main
INFO: Starting QuoteServer...
ian. 24, 2025 9:01:52 P.M. com.example.demo3.QuoteServer loadQuotes
INFO: Loaded 68 quotes.
ian. 24, 2025 9:01:52 P.M. com.example.demo3.QuoteServer main
INFO: Server started on port 12345
ian. 25, 2025 9:46:17 A.M. com.example.demo3.QuoteServer main
INFO: Starting QuoteServer...
ian. 25, 2025 9:46:17 A.M. com.example.demo3.QuoteServer loadQuotes
INFO: Loaded 68 quotes.
ian. 25, 2025 9:46:17 A.M. com.example.demo3.QuoteServer main
INFO: Server started on port 12345
ian. 25, 2025 9:46:27 A.M. com.example.demo3.QuoteServer main
INFO: Client connected: /127.0.0.1
ian. 25, 2025 10:02:50 A.M. com.example.demo3.QuoteServer main
INFO: Starting QuoteServer...
ian. 25, 2025 10:02:50 A.M. com.example.demo3.QuoteServer loadQuotes
INFO: Loaded 68 quotes.
ian. 25, 2025 10:02:50 A.M. com.example.demo3.QuoteServer main
INFO: Server started on port 12345
ian. 25, 2025 10:06:14 A.M. com.example.demo3.QuoteServer main
INFO: Client connected: /127.0.0.1
ian. 25, 2025 10:09:25 A.M. com.example.demo3.QuoteServer main
INFO: Starting QuoteServer...
ian. 25, 2025 10:09:25 A.M. com.example.demo3.QuoteServer loadQuotes
INFO: Loaded 68 quotes.
ian. 25, 2025 10:09:25 A.M. com.example.demo3.QuoteServer main
INFO: Server started on port 12345
ian. 25, 2025 10:09:45 A.M. com.example.demo3.QuoteServer main
INFO: Client connected: /127.0.0.1
ian. 26, 2025 2:30:24 P.M. com.example.demo3.QuoteServer main
INFO: Starting QuoteServer...
ian. 26, 2025 2:30:24 P.M. com.example.demo3.QuoteServer loadQuotes
INFO: Loaded 68 quotes.
ian. 26, 2025 2:30:24 P.M. com.example.demo3.QuoteServer main
INFO: Server started on port 12345
ian. 26, 2025 2:30:39 P.M. com.example.demo3.QuoteServer main
INFO: Client connected: /127.0.0.1
ian. 26, 2025 2:30:58 P.M. com.example.demo3.QuoteServer$ClientHandler run
WARNING: Error handling client: Connection reset
ian. 26, 2025 2:40:12 P.M. com.example.demo3.QuoteServer main
INFO: Starting QuoteServer...
ian. 26, 2025 2:40:12 P.M. com.example.demo3.QuoteServer loadQuotes
INFO: Loaded 68 quotes.
ian. 26, 2025 2:40:12 P.M. com.example.demo3.QuoteServer main
INFO: Server started on port 12345
ian. 26, 2025 2:40:20 P.M. com.example.demo3.QuoteServer main
INFO: Client connected: /127.0.0.1
ian. 26, 2025 2:40:30 P.M. com.example.demo3.QuoteServer$ClientHandler run
WARNING: Error handling client: Connection reset
ian. 26, 2025 2:42:05 P.M. com.example.demo3.QuoteServer main
INFO: Client connected: /127.0.0.1
ian. 26, 2025 2:42:26 P.M. com.example.demo3.QuoteServer$ClientHandler run
WARNING: Error handling client: Connection reset
ian. 26, 2025 2:44:04 P.M. com.example.demo3.QuoteServer main
INFO: Client connected: /127.0.0.1
ian. 26, 2025 2:44:30 P.M. com.example.demo3.QuoteServer$ClientHandler run
WARNING: Error handling client: Connection reset
ian. 26, 2025 2:49:34 P.M. com.example.demo3.QuoteServer main
INFO: Starting QuoteServer...
ian. 26, 2025 2:49:34 P.M. com.example.demo3.QuoteServer loadQuotes
INFO: Loaded 68 quotes.
ian. 26, 2025 2:49:34 P.M. com.example.demo3.QuoteServer main
INFO: Server started on port 12345
ian. 26, 2025 2:49:54 P.M. com.example.demo3.QuoteServer main
INFO: Client connected: /127.0.0.1
ian. 26, 2025 2:52:14 P.M. com.example.demo3.QuoteServer$ClientHandler run
WARNING: Error handling client: Connection reset
ian. 26, 2025 7:36:55 P.M. com.example.demo3.QuoteServer main
INFO: Starting QuoteServer...
ian. 26, 2025 7:36:55 P.M. com.example.demo3.QuoteServer loadQuotes
INFO: Loaded 68 quotes.
ian. 26, 2025 7:36:55 P.M. com.example.demo3.QuoteServer main
INFO: Server started on port 12345
ian. 26, 2025 7:37:09 P.M. com.example.demo3.QuoteServer main
INFO: Client connected: /127.0.0.1
ian. 26, 2025 7:37:23 P.M. com.example.demo3.QuoteServer$ClientHandler run
WARNING: Error handling client: Connection reset
ian. 26, 2025 7:37:45 P.M. com.example.demo3.QuoteServer main
INFO: Client connected: /127.0.0.1
ian. 26, 2025 7:39:34 P.M. com.example.demo3.QuoteServer$ClientHandler run
WARNING: Error handling client: Connection reset
ian. 27, 2025 2:06:54 P.M. com.example.demo3.QuoteServer main
INFO: Starting QuoteServer...
ian. 27, 2025 2:06:54 P.M. com.example.demo3.QuoteServer loadQuotes
INFO: Loaded 68 quotes.
ian. 27, 2025 2:06:54 P.M. com.example.demo3.QuoteServer main
INFO: Server started on port 12345
ian. 27, 2025 2:07:10 P.M. com.example.demo3.QuoteServer main
INFO: Client connected: /127.0.0.1
ian. 27, 2025 2:07:30 P.M. com.example.demo3.QuoteServer$ClientHandler run
WARNING: Error handling client: Connection reset
ian. 27, 2025 2:14:22 P.M. com.example.demo3.QuoteServer main
INFO: Starting QuoteServer...
ian. 27, 2025 2:14:22 P.M. com.example.demo3.QuoteServer loadQuotes
INFO: Loaded 68 quotes.
ian. 27, 2025 2:14:22 P.M. com.example.demo3.QuoteServer main
INFO: Server started on port 12345
ian. 27, 2025 2:14:29 P.M. com.example.demo3.QuoteServer main
INFO: Client connected: /127.0.0.1
ian. 27, 2025 2:15:42 P.M. com.example.demo3.QuoteServer$ClientHandler run
WARNING: Error handling client: Connection reset
ian. 27, 2025 2:17:09 P.M. com.example.demo3.QuoteServer main
INFO: Client connected: /127.0.0.1
ian. 27, 2025 2:17:46 P.M. com.example.demo3.QuoteServer$ClientHandler run
WARNING: Error handling client: Connection reset
ian. 27, 2025 2:26:59 P.M. com.example.demo3.QuoteServer main
INFO: Starting QuoteServer...
ian. 27, 2025 2:26:59 P.M. com.example.demo3.QuoteServer loadQuotes
INFO: Loaded 68 quotes.
ian. 27, 2025 2:26:59 P.M. com.example.demo3.QuoteServer main
INFO: Server started on port 12345
ian. 27, 2025 2:27:09 P.M. com.example.demo3.QuoteServer main
INFO: Client connected: /127.0.0.1
ian. 27, 2025 2:27:25 P.M. com.example.demo3.QuoteServer$ClientHandler run
WARNING: Error handling client: Connection reset
ian. 27, 2025 2:28:37 P.M. com.example.demo3.QuoteServer main
INFO: Client connected: /127.0.0.1
ian. 27, 2025 2:29:34 P.M. com.example.demo3.QuoteServer$ClientHandler run
WARNING: Error handling client: Connection reset
ian. 27, 2025 2:45:22 P.M. com.example.demo3.QuoteServer main
INFO: Client connected: /127.0.0.1
ian. 27, 2025 2:46:03 P.M. com.example.demo3.QuoteServer$ClientHandler run
WARNING: Error handling client: Connection reset
ian. 27, 2025 3:03:58 P.M. com.example.demo3.QuoteServer main
INFO: Client connected: /127.0.0.1
ian. 27, 2025 3:04:17 P.M. com.example.demo3.QuoteServer$ClientHandler run
WARNING: Error handling client: Connection reset
ian. 27, 2025 3:04:35 P.M. com.example.demo3.QuoteServer main
INFO: Client connected: /127.0.0.1
ian. 27, 2025 3:07:18 P.M. com.example.demo3.QuoteServer$ClientHandler run
WARNING: Error handling client: Connection reset
ian. 27, 2025 3:16:59 P.M. com.example.demo3.QuoteServer main
INFO: Client connected: /127.0.0.1
ian. 27, 2025 3:18:22 P.M. com.example.demo3.QuoteServer$ClientHandler run
WARNING: Error handling client: Connection reset
ian. 27, 2025 3:24:07 P.M. com.example.demo3.QuoteServer main
INFO: Client connected: /127.0.0.1
ian. 27, 2025 3:37:08 P.M. com.example.demo3.QuoteServer$ClientHandler run
WARNING: Error handling client: Connection reset
ian. 27, 2025 3:37:56 P.M. com.example.demo3.QuoteServer main
INFO: Client connected: /127.0.0.1
ian. 27, 2025 3:38:16 P.M. com.example.demo3.QuoteServer$ClientHandler run
WARNING: Error handling client: Connection reset
ian. 27, 2025 3:39:32 P.M. com.example.demo3.QuoteServer main
INFO: Starting QuoteServer...
ian. 27, 2025 3:39:32 P.M. com.example.demo3.QuoteServer loadQuotes
INFO: Loaded 108 quotes.
ian. 27, 2025 3:39:32 P.M. com.example.demo3.QuoteServer main
INFO: Server started on port 12345
ian. 27, 2025 3:39:45 P.M. com.example.demo3.QuoteServer main
INFO: Client connected: /127.0.0.1
ian. 27, 2025 3:39:55 P.M. com.example.demo3.QuoteServer$ClientHandler run
WARNING: Error handling client: Connection reset
ian. 27, 2025 3:43:11 P.M. com.example.demo3.QuoteServer main
INFO: Client connected: /127.0.0.1
ian. 27, 2025 3:43:18 P.M. com.example.demo3.QuoteServer$ClientHandler run
WARNING: Error handling client: Connection reset
ian. 27, 2025 3:46:05 P.M. com.example.demo3.QuoteServer main
INFO: Client connected: /127.0.0.1
ian. 27, 2025 3:46:19 P.M. com.example.demo3.QuoteServer$ClientHandler run
WARNING: Error handling client: Connection reset
ian. 28, 2025 7:02:41 A.M. com.example.demo3.QuoteServer main
INFO: Starting QuoteServer...
ian. 28, 2025 7:02:42 A.M. com.example.demo3.QuoteServer loadQuotes
INFO: Loaded 108 quotes.
ian. 28, 2025 7:02:42 A.M. com.example.demo3.QuoteServer main
INFO: Server started on port 12345
ian. 28, 2025 7:02:53 A.M. com.example.demo3.QuoteServer main
INFO: Client connected: /127.0.0.1
ian. 28, 2025 7:04:30 A.M. com.example.demo3.QuoteServer$ClientHandler run
WARNING: Error handling client: Connection reset
ian. 28, 2025 7:14:44 A.M. com.example.demo3.QuoteServer main
INFO: Client connected: /127.0.0.1
ian. 28, 2025 7:15:13 A.M. com.example.demo3.QuoteServer$ClientHandler run
WARNING: Error handling client: Connection reset
ian. 28, 2025 7:20:24 A.M. com.example.demo3.QuoteServer main
INFO: Client connected: /127.0.0.1
ian. 28, 2025 7:20:57 A.M. com.example.demo3.QuoteServer$ClientHandler run
WARNING: Error handling client: Connection reset
ian. 28, 2025 7:22:01 A.M. com.example.demo3.QuoteServer main
INFO: Client connected: /127.0.0.1
ian. 28, 2025 7:22:31 A.M. com.example.demo3.QuoteServer$ClientHandler run
WARNING: Error handling client: Connection reset
ian. 28, 2025 7:24:11 A.M. com.example.demo3.QuoteServer main
INFO: Starting QuoteServer...
ian. 28, 2025 7:24:11 A.M. com.example.demo3.QuoteServer loadQuotes
INFO: Loaded 108 quotes.
ian. 28, 2025 7:24:11 A.M. com.example.demo3.QuoteServer main
INFO: Server started on port 12345
ian. 28, 2025 7:24:22 A.M. com.example.demo3.QuoteServer main
INFO: Client connected: /127.0.0.1
ian. 28, 2025 7:25:03 A.M. com.example.demo3.QuoteServer$ClientHandler run
WARNING: Error handling client: Connection reset
ian. 28, 2025 7:27:34 A.M. com.example.demo3.QuoteServer main
INFO: Client connected: /127.0.0.1
ian. 28, 2025 7:27:38 A.M. com.example.demo3.QuoteServer$ClientHandler run
WARNING: Error handling client: Connection reset
ian. 28, 2025 7:28:47 A.M. com.example.demo3.QuoteServer main
INFO: Client connected: /127.0.0.1
ian. 28, 2025 7:29:17 A.M. com.example.demo3.QuoteServer$ClientHandler run
WARNING: Error handling client: Connection reset
ian. 28, 2025 7:30:43 A.M. com.example.demo3.QuoteServer main
INFO: Client connected: /127.0.0.1
ian. 28, 2025 7:30:46 A.M. com.example.demo3.QuoteServer$ClientHandler run
WARNING: Error handling client: Connection reset
ian. 28, 2025 7:38:00 A.M. com.example.demo3.QuoteServer main
INFO: Client connected: /127.0.0.1
ian. 28, 2025 7:38:02 A.M. com.example.demo3.QuoteServer$ClientHandler run
WARNING: Error handling client: Connection reset
ian. 28, 2025 7:40:59 A.M. com.example.demo3.QuoteServer main
INFO: Client connected: /127.0.0.1
ian. 28, 2025 7:41:56 A.M. com.example.demo3.QuoteServer$ClientHandler run
WARNING: Error handling client: Connection reset
ian. 28, 2025 7:47:26 A.M. com.example.demo3.QuoteServer main
INFO: Client connected: /127.0.0.1
ian. 28, 2025 7:47:48 A.M. com.example.demo3.QuoteServer$ClientHandler run
WARNING: Error handling client: Connection reset
ian. 28, 2025 7:50:06 A.M. com.example.demo3.QuoteServer main
INFO: Client connected: /127.0.0.1
ian. 28, 2025 7:50:17 A.M. com.example.demo3.QuoteServer$ClientHandler run
WARNING: Error handling client: Connection reset
ian. 28, 2025 8:01:05 A.M. com.example.demo3.QuoteServer main
INFO: Client connected: /127.0.0.1
ian. 28, 2025 8:01:29 A.M. com.example.demo3.QuoteServer$ClientHandler run
WARNING: Error handling client: Connection reset
ian. 28, 2025 8:03:17 A.M. com.example.demo3.QuoteServer main
INFO: Client connected: /127.0.0.1
ian. 28, 2025 8:03:27 A.M. com.example.demo3.QuoteServer$ClientHandler run
WARNING: Error handling client: Connection reset
ian. 28, 2025 8:06:48 A.M. com.example.demo3.QuoteServer main
INFO: Client connected: /127.0.0.1
ian. 28, 2025 8:06:57 A.M. com.example.demo3.QuoteServer$ClientHandler run
WARNING: Error handling client: Connection reset
ian. 28, 2025 8:10:12 A.M. com.example.demo3.QuoteServer main
INFO: Client connected: /127.0.0.1
ian. 28, 2025 8:10:24 A.M. com.example.demo3.QuoteServer$ClientHandler run
WARNING: Error handling client: Connection reset
ian. 28, 2025 8:11:05 A.M. com.example.demo3.QuoteServer main
INFO: Client connected: /127.0.0.1
ian. 28, 2025 8:11:34 A.M. com.example.demo3.QuoteServer$ClientHandler run
WARNING: Error handling client: Connection reset
ian. 28, 2025 8:13:53 A.M. com.example.demo3.QuoteServer main
INFO: Client connected: /127.0.0.1
ian. 28, 2025 8:14:37 A.M. com.example.demo3.QuoteServer$ClientHandler run
WARNING: Error handling client: Connection reset
ian. 28, 2025 2:16:50 P.M. com.example.demo3.QuoteServer main
INFO: Starting QuoteServer...
ian. 28, 2025 2:16:50 P.M. com.example.demo3.QuoteServer loadQuotes
INFO: Loaded 108 quotes.
ian. 28, 2025 2:16:50 P.M. com.example.demo3.QuoteServer main
INFO: Server started on port 12345
ian. 28, 2025 2:17:02 P.M. com.example.demo3.QuoteServer main
INFO: Client connected: /127.0.0.1
ian. 28, 2025 2:17:15 P.M. com.example.demo3.QuoteServer$ClientHandler run
WARNING: Error handling client: Connection reset
ian. 28, 2025 2:54:42 P.M. com.example.demo3.QuoteServer main
INFO: Client connected: /127.0.0.1
ian. 28, 2025 2:55:12 P.M. com.example.demo3.QuoteServer$ClientHandler run
WARNING: Error handling client: Connection reset
ian. 28, 2025 3:27:59 P.M. com.example.demo3.QuoteServer main
INFO: Starting QuoteServer...
ian. 28, 2025 3:27:59 P.M. com.example.demo3.QuoteServer loadQuotes
INFO: Loaded 108 quotes.
ian. 28, 2025 3:27:59 P.M. com.example.demo3.QuoteServer main
INFO: Server started on port 12345
ian. 28, 2025 3:28:10 P.M. com.example.demo3.QuoteServer main
INFO: Client connected: /127.0.0.1
ian. 28, 2025 3:29:16 P.M. com.example.demo3.QuoteServer main
INFO: Client connected: /127.0.0.1
ian. 28, 2025 3:30:06 P.M. com.example.demo3.QuoteServer$ClientHandler run
WARNING: Error handling client: Connection reset
ian. 28, 2025 3:30:07 P.M. com.example.demo3.QuoteServer$ClientHandler run
WARNING: Error handling client: Connection reset
ian. 28, 2025 3:34:46 P.M. com.example.demo3.QuoteServer main
INFO: Starting QuoteServer...
ian. 28, 2025 3:34:47 P.M. com.example.demo3.QuoteServer loadQuotes
INFO: Loaded 108 quotes.
ian. 28, 2025 3:34:47 P.M. com.example.demo3.QuoteServer main
INFO: Server started on port 12345
ian. 28, 2025 3:34:55 P.M. com.example.demo3.QuoteServer main
INFO: Client connected: /127.0.0.1
ian. 28, 2025 3:55:29 P.M. com.example.demo3.QuoteServer$ClientHandler run
WARNING: Error handling client: Connection reset
ian. 28, 2025 3:55:37 P.M. com.example.demo3.QuoteServer main
INFO: Starting QuoteServer...
ian. 28, 2025 3:55:37 P.M. com.example.demo3.QuoteServer loadQuotes
INFO: Loaded 108 quotes.
ian. 28, 2025 3:55:37 P.M. com.example.demo3.QuoteServer main
INFO: Server started on port 12345
ian. 28, 2025 3:55:46 P.M. com.example.demo3.QuoteServer main
INFO: Client connected: /127.0.0.1
ian. 28, 2025 3:59:43 P.M. com.example.demo3.QuoteServer$ClientHandler run
WARNING: Error handling client: Connection reset
ian. 28, 2025 5:05:15 P.M. com.example.demo3.QuoteServer main
INFO: Starting QuoteServer...
ian. 28, 2025 5:05:15 P.M. com.example.demo3.QuoteServer loadQuotes
INFO: Loaded 108 quotes.
ian. 28, 2025 5:05:15 P.M. com.example.demo3.QuoteServer main
INFO: Server started on port 12345
ian. 28, 2025 5:05:31 P.M. com.example.demo3.QuoteServer main
INFO: Client connected: /127.0.0.1
ian. 28, 2025 5:06:20 P.M. com.example.demo3.QuoteServer$ClientHandler run
WARNING: Error handling client: 
java.net.SocketException: Connection reset
	at java.base/sun.nio.ch.NioSocketImpl.implRead(NioSocketImpl.java:318)
	at java.base/sun.nio.ch.NioSocketImpl.read(NioSocketImpl.java:346)
	at java.base/sun.nio.ch.NioSocketImpl$1.read(NioSocketImpl.java:796)
	at java.base/java.net.Socket$SocketInputStream.implRead(Socket.java:1116)
	at java.base/java.net.Socket$SocketInputStream.read(Socket.java:1103)
	at java.base/sun.nio.cs.StreamDecoder.readBytes(StreamDecoder.java:350)
	at java.base/sun.nio.cs.StreamDecoder.implRead(StreamDecoder.java:393)
	at java.base/sun.nio.cs.StreamDecoder.lockedRead(StreamDecoder.java:217)
	at java.base/sun.nio.cs.StreamDecoder.read(StreamDecoder.java:171)
	at java.base/java.io.InputStreamReader.read(InputStreamReader.java:190)
	at java.base/java.io.BufferedReader.fill(BufferedReader.java:160)
	at java.base/java.io.BufferedReader.implReadLine(BufferedReader.java:370)
	at java.base/java.io.BufferedReader.readLine(BufferedReader.java:347)
	at java.base/java.io.BufferedReader.readLine(BufferedReader.java:436)
	at com.example.demo3/com.example.demo3.QuoteServer$ClientHandler.run(QuoteServer.java:103)
	at java.base/java.util.concurrent.Executors$RunnableAdapter.call(Executors.java:572)
	at java.base/java.util.concurrent.FutureTask.run(FutureTask.java:317)
	at java.base/java.util.concurrent.ThreadPoolExecutor.runWorker(ThreadPoolExecutor.java:1144)
	at java.base/java.util.concurrent.ThreadPoolExecutor$Worker.run(ThreadPoolExecutor.java:642)
	at java.base/java.lang.Thread.run(Thread.java:1575)

ian. 28, 2025 5:10:34 P.M. com.example.demo3.QuoteServer main
INFO: Starting QuoteServer...
ian. 28, 2025 5:10:34 P.M. com.example.demo3.QuoteServer loadQuotes
INFO: Loaded 108 quotes.
ian. 28, 2025 5:10:34 P.M. com.example.demo3.QuoteServer main
INFO: Server started on port 12345
ian. 28, 2025 5:10:40 P.M. com.example.demo3.QuoteServer main
INFO: Client connected: /127.0.0.1
ian. 28, 2025 5:28:12 P.M. com.example.demo3.QuoteServer$ClientHandler run
WARNING: Error handling client: 
java.net.SocketException: Connection reset
	at java.base/sun.nio.ch.NioSocketImpl.implRead(NioSocketImpl.java:318)
	at java.base/sun.nio.ch.NioSocketImpl.read(NioSocketImpl.java:346)
	at java.base/sun.nio.ch.NioSocketImpl$1.read(NioSocketImpl.java:796)
	at java.base/java.net.Socket$SocketInputStream.implRead(Socket.java:1116)
	at java.base/java.net.Socket$SocketInputStream.read(Socket.java:1103)
	at java.base/sun.nio.cs.StreamDecoder.readBytes(StreamDecoder.java:350)
	at java.base/sun.nio.cs.StreamDecoder.implRead(StreamDecoder.java:393)
	at java.base/sun.nio.cs.StreamDecoder.lockedRead(StreamDecoder.java:217)
	at java.base/sun.nio.cs.StreamDecoder.read(StreamDecoder.java:171)
	at java.base/java.io.InputStreamReader.read(InputStreamReader.java:190)
	at java.base/java.io.BufferedReader.fill(BufferedReader.java:160)
	at java.base/java.io.BufferedReader.implReadLine(BufferedReader.java:370)
	at java.base/java.io.BufferedReader.readLine(BufferedReader.java:347)
	at java.base/java.io.BufferedReader.readLine(BufferedReader.java:436)
	at com.example.demo3/com.example.demo3.QuoteServer$ClientHandler.run(QuoteServer.java:103)
	at java.base/java.util.concurrent.Executors$RunnableAdapter.call(Executors.java:572)
	at java.base/java.util.concurrent.FutureTask.run(FutureTask.java:317)
	at java.base/java.util.concurrent.ThreadPoolExecutor.runWorker(ThreadPoolExecutor.java:1144)
	at java.base/java.util.concurrent.ThreadPoolExecutor$Worker.run(ThreadPoolExecutor.java:642)
	at java.base/java.lang.Thread.run(Thread.java:1575)

ian. 28, 2025 5:28:23 P.M. com.example.demo3.QuoteServer main
INFO: Client connected: /127.0.0.1
ian. 28, 2025 5:28:39 P.M. com.example.demo3.QuoteServer$ClientHandler run
WARNING: Error handling client: 
java.net.SocketException: Connection reset
	at java.base/sun.nio.ch.NioSocketImpl.implRead(NioSocketImpl.java:318)
	at java.base/sun.nio.ch.NioSocketImpl.read(NioSocketImpl.java:346)
	at java.base/sun.nio.ch.NioSocketImpl$1.read(NioSocketImpl.java:796)
	at java.base/java.net.Socket$SocketInputStream.implRead(Socket.java:1116)
	at java.base/java.net.Socket$SocketInputStream.read(Socket.java:1103)
	at java.base/sun.nio.cs.StreamDecoder.readBytes(StreamDecoder.java:350)
	at java.base/sun.nio.cs.StreamDecoder.implRead(StreamDecoder.java:393)
	at java.base/sun.nio.cs.StreamDecoder.lockedRead(StreamDecoder.java:217)
	at java.base/sun.nio.cs.StreamDecoder.read(StreamDecoder.java:171)
	at java.base/java.io.InputStreamReader.read(InputStreamReader.java:190)
	at java.base/java.io.BufferedReader.fill(BufferedReader.java:160)
	at java.base/java.io.BufferedReader.implReadLine(BufferedReader.java:370)
	at java.base/java.io.BufferedReader.readLine(BufferedReader.java:347)
	at java.base/java.io.BufferedReader.readLine(BufferedReader.java:436)
	at com.example.demo3/com.example.demo3.QuoteServer$ClientHandler.run(QuoteServer.java:103)
	at java.base/java.util.concurrent.Executors$RunnableAdapter.call(Executors.java:572)
	at java.base/java.util.concurrent.FutureTask.run(FutureTask.java:317)
	at java.base/java.util.concurrent.ThreadPoolExecutor.runWorker(ThreadPoolExecutor.java:1144)
	at java.base/java.util.concurrent.ThreadPoolExecutor$Worker.run(ThreadPoolExecutor.java:642)
	at java.base/java.lang.Thread.run(Thread.java:1575)

ian. 29, 2025 3:57:16 A.M. com.example.demo3.QuoteServer main
INFO: Starting QuoteServer...
ian. 29, 2025 3:57:16 A.M. com.example.demo3.QuoteServer loadQuotes
INFO: Loaded 108 quotes.
ian. 29, 2025 3:57:16 A.M. com.example.demo3.QuoteServer main
INFO: Server started on port 12345
ian. 29, 2025 3:57:28 A.M. com.example.demo3.QuoteServer main
INFO: Client connected: /127.0.0.1
ian. 29, 2025 4:03:11 A.M. com.example.demo3.QuoteServer$ClientHandler run
WARNING: Error handling client: 
java.net.SocketException: Connection reset
	at java.base/sun.nio.ch.NioSocketImpl.implRead(NioSocketImpl.java:318)
	at java.base/sun.nio.ch.NioSocketImpl.read(NioSocketImpl.java:346)
	at java.base/sun.nio.ch.NioSocketImpl$1.read(NioSocketImpl.java:796)
	at java.base/java.net.Socket$SocketInputStream.implRead(Socket.java:1116)
	at java.base/java.net.Socket$SocketInputStream.read(Socket.java:1103)
	at java.base/sun.nio.cs.StreamDecoder.readBytes(StreamDecoder.java:350)
	at java.base/sun.nio.cs.StreamDecoder.implRead(StreamDecoder.java:393)
	at java.base/sun.nio.cs.StreamDecoder.lockedRead(StreamDecoder.java:217)
	at java.base/sun.nio.cs.StreamDecoder.read(StreamDecoder.java:171)
	at java.base/java.io.InputStreamReader.read(InputStreamReader.java:190)
	at java.base/java.io.BufferedReader.fill(BufferedReader.java:160)
	at java.base/java.io.BufferedReader.implReadLine(BufferedReader.java:370)
	at java.base/java.io.BufferedReader.readLine(BufferedReader.java:347)
	at java.base/java.io.BufferedReader.readLine(BufferedReader.java:436)
	at com.example.demo3/com.example.demo3.QuoteServer$ClientHandler.run(QuoteServer.java:103)
	at java.base/java.util.concurrent.Executors$RunnableAdapter.call(Executors.java:572)
	at java.base/java.util.concurrent.FutureTask.run(FutureTask.java:317)
	at java.base/java.util.concurrent.ThreadPoolExecutor.runWorker(ThreadPoolExecutor.java:1144)
	at java.base/java.util.concurrent.ThreadPoolExecutor$Worker.run(ThreadPoolExecutor.java:642)
	at java.base/java.lang.Thread.run(Thread.java:1575)

ian. 29, 2025 9:55:48 A.M. com.example.demo3.QuoteServer main
INFO: Starting QuoteServer...
ian. 29, 2025 9:55:49 A.M. com.example.demo3.QuoteServer loadQuotes
INFO: Loaded 108 quotes.
ian. 29, 2025 9:55:49 A.M. com.example.demo3.QuoteServer main
INFO: Server started on port 12345
ian. 29, 2025 9:55:59 A.M. com.example.demo3.QuoteServer main
INFO: Client connected: /127.0.0.1
ian. 29, 2025 9:56:34 A.M. com.example.demo3.QuoteServer main
INFO: Client connected: /127.0.0.1
ian. 29, 2025 9:58:52 A.M. com.example.demo3.QuoteServer main
INFO: Starting QuoteServer...
ian. 29, 2025 9:58:52 A.M. com.example.demo3.QuoteServer loadQuotes
INFO: Loaded 108 quotes.
ian. 29, 2025 9:58:52 A.M. com.example.demo3.QuoteServer main
INFO: Server started on port 12345
ian. 29, 2025 9:59:04 A.M. com.example.demo3.QuoteServer main
INFO: Client connected: /127.0.0.1
ian. 29, 2025 9:59:19 A.M. com.example.demo3.QuoteServer main
INFO: Client connected: /127.0.0.1
ian. 29, 2025 10:03:38 A.M. com.example.demo3.QuoteServer main
INFO: Starting QuoteServer...
ian. 29, 2025 10:03:38 A.M. com.example.demo3.QuoteServer loadQuotes
INFO: Loaded 108 quotes.
ian. 29, 2025 10:03:38 A.M. com.example.demo3.QuoteServer main
INFO: Server started on port 12345
ian. 29, 2025 10:03:50 A.M. com.example.demo3.QuoteServer main
INFO: Client connected: /127.0.0.1
ian. 29, 2025 10:04:07 A.M. com.example.demo3.QuoteServer main
INFO: Client connected: /127.0.0.1
ian. 29, 2025 10:08:30 A.M. com.example.demo3.QuoteServer main
INFO: Starting QuoteServer...
ian. 29, 2025 10:08:30 A.M. com.example.demo3.QuoteServer loadQuotes
INFO: Loaded 108 quotes.
ian. 29, 2025 10:08:30 A.M. com.example.demo3.QuoteServer main
INFO: Server started on port 12345
ian. 29, 2025 10:08:39 A.M. com.example.demo3.QuoteServer main
INFO: Client connected: /127.0.0.1
ian. 29, 2025 10:08:43 A.M. com.example.demo3.QuoteServer main
INFO: Client connected: /127.0.0.1
ian. 29, 2025 10:13:58 A.M. com.example.demo3.QuoteServer main
INFO: Starting QuoteServer...
ian. 29, 2025 10:13:58 A.M. com.example.demo3.QuoteServer loadQuotes
INFO: Loaded 108 quotes.
ian. 29, 2025 10:13:58 A.M. com.example.demo3.QuoteServer main
INFO: Server started on port 12345
ian. 29, 2025 10:14:09 A.M. com.example.demo3.QuoteServer main
INFO: Client connected: /127.0.0.1
ian. 29, 2025 10:16:21 A.M. com.example.demo3.QuoteServer main
INFO: Starting QuoteServer...
ian. 29, 2025 10:16:21 A.M. com.example.demo3.QuoteServer loadQuotes
INFO: Loaded 108 quotes.
ian. 29, 2025 10:16:21 A.M. com.example.demo3.QuoteServer main
INFO: Server started on port 12345
ian. 29, 2025 10:16:27 A.M. com.example.demo3.QuoteServer main
INFO: Client connected: /127.0.0.1
ian. 29, 2025 10:16:37 A.M. com.example.demo3.QuoteServer main
INFO: Client connected: /127.0.0.1
ian. 29, 2025 10:18:04 A.M. com.example.demo3.QuoteServer main
INFO: Starting QuoteServer...
ian. 29, 2025 10:18:04 A.M. com.example.demo3.QuoteServer loadQuotes
INFO: Loaded 108 quotes.
ian. 29, 2025 10:18:04 A.M. com.example.demo3.QuoteServer main
INFO: Server started on port 12345
ian. 29, 2025 10:18:12 A.M. com.example.demo3.QuoteServer main
INFO: Client connected: /127.0.0.1
ian. 29, 2025 10:18:39 A.M. com.example.demo3.QuoteServer main
INFO: Client connected: /127.0.0.1
ian. 29, 2025 10:29:57 A.M. com.example.demo3.QuoteServer main
INFO: Starting QuoteServer...
ian. 29, 2025 10:29:57 A.M. com.example.demo3.QuoteServer loadQuotes
INFO: Loaded 108 quotes.
ian. 29, 2025 10:29:57 A.M. com.example.demo3.QuoteServer main
INFO: Server started on port 12345
ian. 29, 2025 10:30:16 A.M. com.example.demo3.QuoteServer main
INFO: Client connected: /127.0.0.1
ian. 29, 2025 10:30:16 A.M. com.example.demo3.QuoteServer main
INFO: Client connected: /127.0.0.1
ian. 29, 2025 10:43:38 A.M. com.example.demo3.QuoteServer main
INFO: Starting QuoteServer...
ian. 29, 2025 10:43:38 A.M. com.example.demo3.QuoteServer loadQuotes
INFO: Loaded 108 quotes.
ian. 29, 2025 10:43:38 A.M. com.example.demo3.QuoteServer main
INFO: Server started on port 12345
ian. 29, 2025 10:43:43 A.M. com.example.demo3.QuoteServer main
INFO: Client connected: /127.0.0.1
ian. 29, 2025 10:43:53 A.M. com.example.demo3.QuoteServer main
INFO: Starting QuoteServer...
ian. 29, 2025 10:43:54 A.M. com.example.demo3.QuoteServer loadQuotes
INFO: Loaded 108 quotes.
ian. 29, 2025 10:43:54 A.M. com.example.demo3.QuoteServer main
INFO: Server started on port 12345
ian. 29, 2025 10:44:00 A.M. com.example.demo3.QuoteServer main
INFO: Client connected: /127.0.0.1
